0 info it worked if it ends with ok
1 verbose cli [ '/Users/slonoed/.nvm/v0.10.34/bin/node',
1 verbose cli   '/Users/slonoed/.nvm/v0.10.34/bin/npm',
1 verbose cli   'install',
1 verbose cli   '-D',
1 verbose cli   'fluxxor-test-utils' ]
2 info using npm@1.4.28
3 info using node@v0.10.34
4 error Failed to parse json
4 error Unexpected string
5 error File: /Users/slonoed/_repos/bearded/frontend/package.json
6 error Failed to parse package.json data.
6 error package.json must be actual JSON, not just JavaScript.
6 error
6 error This is not a bug in npm.
6 error Tell the package author to fix their package.json file. JSON.parse
7 error System Darwin 14.1.0
8 error command "/Users/slonoed/.nvm/v0.10.34/bin/node" "/Users/slonoed/.nvm/v0.10.34/bin/npm" "install" "-D" "fluxxor-test-utils"
9 error cwd /Users/slonoed/_repos/bearded/frontend
10 error node -v v0.10.34
11 error npm -v 1.4.28
12 error file /Users/slonoed/_repos/bearded/frontend/package.json
13 error code EJSONPARSE
14 verbose exit [ 1, true ]
